<?xml version="1.0" encoding="UTF-8"?>
<!-- Generated by org.testng.reporters.JUnitReportReporter -->
<testsuite hostname="DESKTOP-VD3GD37" failures="0" tests="1" name="Project.Selenium.HandlingAlert" time="0.015" errors="0" timestamp="2024-07-21T09:35:27 IST" skipped="0">
  <testcase classname="Project.Selenium.HandlingAlert" name="alertPopUp" time="0.015"/>
  <system-out/>
</testsuite> <!-- Project.Selenium.HandlingAlert -->
